#
# There is insufficient memory for the Java Runtime Environment to continue.
# Native memory allocation (malloc) failed to allocate 712416 bytes. Error detail: Chunk::new
# Possible reasons:
#   The system is out of physical RAM or swap space
#   This process is running with CompressedOops enabled, and the Java Heap may be blocking the growth of the native heap
# Possible solutions:
#   Reduce memory load on the system
#   Increase physical memory or swap space
#   Check if swap backing store is full
#   Decrease Java heap size (-Xmx/-Xms)
#   Decrease number of Java threads
#   Decrease Java thread stack sizes (-Xss)
#   Set larger code cache with -XX:ReservedCodeCacheSize=
#   JVM is running with Zero Based Compressed Oops mode in which the Java heap is
#     placed in the first 32GB address space. The Java Heap base address is the
#     maximum limit for the native heap growth. Please use -XX:HeapBaseMinAddress
#     to set the Java Heap base and to place the Java Heap above 32GB virtual address.
# This output file may be truncated or incomplete.
#
#  Out of Memory Error (arena.cpp:168), pid=21208, tid=18208
#
# JRE version: OpenJDK Runtime Environment (21.0.7) (build 21.0.7+-13880790-b1038.58)
# Java VM: OpenJDK 64-Bit Server VM (21.0.7+-13880790-b1038.58, mixed mode, tiered, compressed oops, compressed class ptrs, g1 gc, windows-amd64)
# No core dump will be written. Minidumps are not enabled by default on client versions of Windows
#

---------------  S U M M A R Y ------------

Command Line: --add-opens=java.base/java.lang=ALL-UNNAMED --add-opens=java.base/java.lang.invoke=ALL-UNNAMED --add-opens=java.base/java.util=ALL-UNNAMED --add-opens=java.prefs/java.util.prefs=ALL-UNNAMED --add-exports=jdk.compiler/com.sun.tools.javac.api=ALL-UNNAMED --add-exports=jdk.compiler/com.sun.tools.javac.util=ALL-UNNAMED --add-opens=java.base/java.util=ALL-UNNAMED --add-opens=java.prefs/java.util.prefs=ALL-UNNAMED --add-opens=java.base/java.nio.charset=ALL-UNNAMED --add-opens=java.base/java.net=ALL-UNNAMED --add-opens=java.base/java.util.concurrent.atomic=ALL-UNNAMED --add-opens=java.xml/javax.xml.namespace=ALL-UNNAMED -XX:MaxMetaspaceSize=4G -XX:ReservedCodeCacheSize=512m -XX:+HeapDumpOnOutOfMemoryError -Xmx8G -Dfile.encoding=UTF-8 -Duser.country=IN -Duser.language=en -Duser.variant -javaagent:G:\.gradle\wrapper\dists\gradle-8.13-all\54h0s9kvb6g2sinako7ub77ku\gradle-8.13\lib\agents\gradle-instrumentation-agent-8.13.jar org.gradle.launcher.daemon.bootstrap.GradleDaemon 8.13

Host: 11th Gen Intel(R) Core(TM) i3-1115G4 @ 3.00GHz, 4 cores, 7G,  Windows 11 , 64 bit Build 26100 (10.0.26100.7705)
Time: Tue Feb 10 20:24:11 2026 India Standard Time elapsed time: 28.967800 seconds (0d 0h 0m 28s)

---------------  T H R E A D  ---------------

Current thread (0x000001dcff087750):  JavaThread "C2 CompilerThread0" daemon [_thread_in_native, id=18208, stack(0x000000c48a900000,0x000000c48aa00000) (1024K)]


Current CompileTask:
C2:28968 3885       4       java.net.URLClassLoader$1::run (5 bytes)

Stack: [0x000000c48a900000,0x000000c48aa00000]
Native frames: (J=compiled Java code, j=interpreted, Vv=VM code, C=native code)
V  [jvm.dll+0x6d25c9]
V  [jvm.dll+0x860923]
V  [jvm.dll+0x862e7e]
V  [jvm.dll+0x863563]
V  [jvm.dll+0x27f156]
V  [jvm.dll+0xc002d]
V  [jvm.dll+0xc0563]
V  [jvm.dll+0x2f31f0]
V  [jvm.dll+0x5fc309]
V  [jvm.dll+0x250f82]
V  [jvm.dll+0x24982a]
V  [jvm.dll+0x24733e]
V  [jvm.dll+0x1c5fb4]
V  [jvm.dll+0x256bac]
V  [jvm.dll+0x2550f6]
V  [jvm.dll+0x3f1d16]
V  [jvm.dll+0x808d08]
V  [jvm.dll+0x6d0e1d]
C  [ucrtbase.dll+0x37b0]
C  [KERNEL32.DLL+0x2e8d7]
C  [ntdll.dll+0x8c40c]


---------------  P R O C E S S  ---------------

Threads class SMR info:
_java_thread_list=0x000001dcff67b340, length=30, elements={
0x000001dccb2fb210, 0x000001dcff0485b0, 0x000001dcff05e460, 0x000001dcff061650,
0x000001dcff06d120, 0x000001dcff07ee60, 0x000001dcff080040, 0x000001dcff085230,
0x000001dcff087750, 0x000001dcff08cc40, 0x000001dcff439e10, 0x000001dcff778e20,
0x000001dc8111a430, 0x000001dc805f9ae0, 0x000001dcff86f810, 0x000001dc80531aa0,
0x000001dc810699a0, 0x000001dc810aeb70, 0x000001dc81093f00, 0x000001dc810952b0,
0x000001dc81095fd0, 0x000001dc810931e0, 0x000001dc81093870, 0x000001dc81092b50,
0x000001dc81094590, 0x000001dc82bc7db0, 0x000001dc82bc8440, 0x000001dc82bc7090,
0x000001dc82bc97f0, 0x000001dc819eadd0
}

Java Threads: ( => current thread )
  0x000001dccb2fb210 JavaThread "main"                              [_thread_blocked, id=19200, stack(0x000000c489a00000,0x000000c489b00000) (1024K)]
  0x000001dcff0485b0 JavaThread "Common-Cleaner"             daemon [_thread_blocked, id=4560, stack(0x000000c48a200000,0x000000c48a300000) (1024K)]
  0x000001dcff05e460 JavaThread "Reference Handler"          daemon [_thread_blocked, id=13128, stack(0x000000c48a300000,0x000000c48a400000) (1024K)]
  0x000001dcff061650 JavaThread "Finalizer"                  daemon [_thread_blocked, id=22000, stack(0x000000c48a400000,0x000000c48a500000) (1024K)]
  0x000001dcff06d120 JavaThread "Signal Dispatcher"          daemon [_thread_blocked, id=18068, stack(0x000000c48a500000,0x000000c48a600000) (1024K)]
  0x000001dcff07ee60 JavaThread "Attach Listener"            daemon [_thread_blocked, id=20976, stack(0x000000c48a600000,0x000000c48a700000) (1024K)]
  0x000001dcff080040 JavaThread "Service Thread"             daemon [_thread_blocked, id=21852, stack(0x000000c48a700000,0x000000c48a800000) (1024K)]
  0x000001dcff085230 JavaThread "Monitor Deflation Thread"   daemon [_thread_blocked, id=11640, stack(0x000000c48a800000,0x000000c48a900000) (1024K)]
=>0x000001dcff087750 JavaThread "C2 CompilerThread0"         daemon [_thread_in_native, id=18208, stack(0x000000c48a900000,0x000000c48aa00000) (1024K)]
  0x000001dcff08cc40 JavaThread "C1 CompilerThread0"         daemon [_thread_blocked, id=3880, stack(0x000000c48aa00000,0x000000c48ab00000) (1024K)]
  0x000001dcff439e10 JavaThread "Notification Thread"        daemon [_thread_blocked, id=7720, stack(0x000000c48ab00000,0x000000c48ac00000) (1024K)]
  0x000001dcff778e20 JavaThread "Daemon health stats"               [_thread_blocked, id=9704, stack(0x000000c48af00000,0x000000c48b000000) (1024K)]
  0x000001dc8111a430 JavaThread "Incoming local TCP Connector on port 61376"        [_thread_in_native, id=2220, stack(0x000000c48b000000,0x000000c48b100000) (1024K)]
  0x000001dc805f9ae0 JavaThread "Daemon periodic checks"            [_thread_blocked, id=13656, stack(0x000000c48b100000,0x000000c48b200000) (1024K)]
  0x000001dcff86f810 JavaThread "Daemon"                            [_thread_blocked, id=4668, stack(0x000000c48b200000,0x000000c48b300000) (1024K)]
  0x000001dc80531aa0 JavaThread "Handler for socket connection from /127.0.0.1:61376 to /127.0.0.1:60866"        [_thread_in_native, id=19464, stack(0x000000c48b300000,0x000000c48b400000) (1024K)]
  0x000001dc810699a0 JavaThread "Cancel handler"                    [_thread_blocked, id=22272, stack(0x000000c48b400000,0x000000c48b500000) (1024K)]
  0x000001dc810aeb70 JavaThread "Daemon worker"                     [_thread_in_Java, id=21764, stack(0x000000c48b500000,0x000000c48b600000) (1024K)]
  0x000001dc81093f00 JavaThread "Asynchronous log dispatcher for DefaultDaemonConnection: socket connection from /127.0.0.1:61376 to /127.0.0.1:60866"        [_thread_blocked, id=8100, stack(0x000000c48b600000,0x000000c48b700000) (1024K)]
  0x000001dc810952b0 JavaThread "Stdin handler"                     [_thread_blocked, id=21536, stack(0x000000c48b700000,0x000000c48b800000) (1024K)]
  0x000001dc81095fd0 JavaThread "Daemon client event forwarder"        [_thread_blocked, id=11908, stack(0x000000c48b800000,0x000000c48b900000) (1024K)]
  0x000001dc810931e0 JavaThread "Cache worker for journal cache (G:\.gradle\caches\journal-1)"        [_thread_blocked, id=3760, stack(0x000000c48b900000,0x000000c48ba00000) (1024K)]
  0x000001dc81093870 JavaThread "File lock request listener"        [_thread_in_native, id=17660, stack(0x000000c48ba00000,0x000000c48bb00000) (1024K)]
  0x000001dc81092b50 JavaThread "Cache worker for file hash cache (G:\.gradle\caches\8.13\fileHashes)"        [_thread_blocked, id=22020, stack(0x000000c48bb00000,0x000000c48bc00000) (1024K)]
  0x000001dc81094590 JavaThread "File lock release action executor"        [_thread_blocked, id=14696, stack(0x000000c48bc00000,0x000000c48bd00000) (1024K)]
  0x000001dc82bc7db0 JavaThread "Cache worker for file hash cache (G:\smart-grid-functions\lineman_app\android\.gradle\8.13\fileHashes)"        [_thread_blocked, id=20204, stack(0x000000c48be00000,0x000000c48bf00000) (1024K)]
  0x000001dc82bc8440 JavaThread "Cache worker for Build Output Cleanup Cache (G:\smart-grid-functions\lineman_app\android\.gradle\buildOutputCleanup)"        [_thread_blocked, id=4948, stack(0x000000c48bf00000,0x000000c48c000000) (1024K)]
  0x000001dc82bc7090 JavaThread "File watcher server"        daemon [_thread_in_native, id=21380, stack(0x000000c48bd00000,0x000000c48be00000) (1024K)]
  0x000001dc82bc97f0 JavaThread "File watcher consumer"      daemon [_thread_blocked, id=14644, stack(0x000000c48c000000,0x000000c48c100000) (1024K)]
  0x000001dc819eadd0 JavaThread "C2 CompilerThread1"         daemon [_thread_blocked, id=22356, stack(0x000000c48c100000,0x000000c48c200000) (1024K)]
Total: 30

Other Threads:
  0x000001dcfa948c20 VMThread "VM Thread"                           [id=1368, stack(0x000000c48a100000,0x000000c48a200000) (1024K)]
  0x000001dcfa8e97f0 WatcherThread "VM Periodic Task Thread"        [id=22092, stack(0x000000c48a000000,0x000000c48a100000) (1024K)]
  0x000001dccb3a6b80 WorkerThread "GC Thread#0"                     [id=3536, stack(0x000000c489b00000,0x000000c489c00000) (1024K)]
  0x000001dcff3468c0 WorkerThread "GC Thread#1"                     [id=10848, stack(0x000000c48ac00000,0x000000c48ad00000) (1024K)]
  0x000001dcff45af40 WorkerThread "GC Thread#2"                     [id=21420, stack(0x000000c48ad00000,0x000000c48ae00000) (1024K)]
  0x000001dc80677a30 WorkerThread "GC Thread#3"                     [id=7212, stack(0x000000c48ae00000,0x000000c48af00000) (1024K)]
  0x000001dccb3b7a70 ConcurrentGCThread "G1 Main Marker"            [id=21996, stack(0x000000c489c00000,0x000000c489d00000) (1024K)]
  0x000001dccb3b8480 WorkerThread "G1 Conc#0"                       [id=21540, stack(0x000000c489d00000,0x000000c489e00000) (1024K)]
  0x000001dcfa7b4800 ConcurrentGCThread "G1 Refine#0"               [id=21256, stack(0x000000c489e00000,0x000000c489f00000) (1024K)]
  0x000001dcfa7b7810 ConcurrentGCThread "G1 Service"                [id=21832, stack(0x000000c489f00000,0x000000c48a000000) (1024K)]
Total: 10

Threads with active compile tasks:
C2 CompilerThread0  29046 3885       4       java.net.URLClassLoader$1::run (5 bytes)
Total: 1

VM state: not at safepoint (normal execution)

VM Mutex/Monitor currently owned by a thread: None

Heap address: 0x0000000600000000, size: 8192 MB, Compressed Oops mode: Zero based, Oop shift amount: 3

CDS archive(s) not mapped
Compressed class space mapped at: 0x0000000800000000-0x0000000840000000, reserved size: 1073741824
Narrow klass base: 0x0000000800000000, Narrow klass shift: 0, Narrow klass range: 0x40000000

GC Precious Log:
 CardTable entry size: 512
 Card Set container configuration: InlinePtr #cards 4 size 8 Array Of Cards #cards 32 size 80 Howl #buckets 8 coarsen threshold 7372 Howl Bitmap #cards 1024 size 144 coarsen threshold 921 Card regions per heap region 1 cards per card region 8192
 CPUs: 4 total, 4 available
 Memory: 7926M
 Large Page Support: Disabled
 NUMA Support: Disabled
 Compressed Oops: Enabled (Zero based)
 Heap Region Size: 4M
 Heap Min Capacity: 8M
 Heap Initial Capacity: 124M
 Heap Max Capacity: 8G
 Pre-touch: Disabled
 Parallel Workers: 4
 Concurrent Workers: 1
 Concurrent Refinement Workers: 4
 Periodic GC: Disabled

Heap:
 garbage-first heap   total 106496K, used 55664K [0x0000000600000000, 0x0000000800000000)
  region size 4096K, 9 young (36864K), 1 survivors (4096K)
 Metaspace       used 42391K, committed 43264K, reserved 1114112K
  class space    used 5586K, committed 6016K, reserved 1048576K

Heap Regions: E=young(eden), S=young(survivor), O=old, HS=humongous(starts), HC=humongous(continues), CS=collection set, F=free, TAMS=top-at-mark-start, PB=parsable bottom
|   0|0x0000000600000000, 0x0000000600400000, 0x0000000600400000|100%| O|  |TAMS 0x0000000600000000| PB 0x0000000600000000| Untracked 
|   1|0x0000000600400000, 0x0000000600800000, 0x0000000600800000|100%|HS|  |TAMS 0x0000000600400000| PB 0x0000000600400000| Complete 
|   2|0x0000000600800000, 0x0000000600c00000, 0x0000000600c00000|100%| O|  |TAMS 0x0000000600800000| PB 0x0000000600800000| Untracked 
|   3|0x0000000600c00000, 0x0000000601000000, 0x0000000601000000|100%| O|  |TAMS 0x0000000600c00000| PB 0x0000000600c00000| Untracked 
|   4|0x0000000601000000, 0x0000000601400000, 0x0000000601400000|100%| O|  |TAMS 0x0000000601000000| PB 0x0000000601000000| Untracked 
|   5|0x0000000601400000, 0x0000000601427868, 0x0000000601800000|  3%| O|  |TAMS 0x0000000601400000| PB 0x0000000601400000| Untracked 
|   6|0x0000000601800000, 0x0000000601c00000, 0x0000000601c00000|100%| O|  |TAMS 0x0000000601800000| PB 0x0000000601800000| Untracked 
|   7|0x0000000601c00000, 0x0000000601c00000, 0x0000000602000000|  0%| F|  |TAMS 0x0000000601c00000| PB 0x0000000601c00000| Untracked 
|   8|0x0000000602000000, 0x0000000602000000, 0x0000000602400000|  0%| F|  |TAMS 0x0000000602000000| PB 0x0000000602000000| Untracked 
|   9|0x0000000602400000, 0x0000000602400000, 0x0000000602800000|  0%| F|  |TAMS 0x0000000602400000| PB 0x0000000602400000| Untracked 
|  10|0x0000000602800000, 0x0000000602800000, 0x0000000602c00000|  0%| F|  |TAMS 0x0000000602800000| PB 0x0000000602800000| Untracked 
|  11|0x0000000602c00000, 0x0000000602c00000, 0x0000000603000000|  0%| F|  |TAMS 0x0000000602c00000| PB 0x0000000602c00000| Untracked 
|  12|0x0000000603000000, 0x0000000603000000, 0x0000000603400000|  0%| F|  |TAMS 0x0000000603000000| PB 0x0000000603000000| Untracked 
|  13|0x0000000603400000, 0x0000000603400000, 0x0000000603800000|  0%| F|  |TAMS 0x0000000603400000| PB 0x0000000603400000| Untracked 
|  14|0x0000000603800000, 0x0000000603800000, 0x0000000603c00000|  0%| F|  |TAMS 0x0000000603800000| PB 0x0000000603800000| Untracked 
|  15|0x0000000603c00000, 0x0000000603c00000, 0x0000000604000000|  0%| F|  |TAMS 0x0000000603c00000| PB 0x0000000603c00000| Untracked 
|  16|0x0000000604000000, 0x0000000604000000, 0x0000000604400000|  0%| F|  |TAMS 0x0000000604000000| PB 0x0000000604000000| Untracked 
|  17|0x0000000604400000, 0x0000000604617a90, 0x0000000604800000| 52%| E|  |TAMS 0x0000000604400000| PB 0x0000000604400000| Complete 
|  18|0x0000000604800000, 0x0000000604c00000, 0x0000000604c00000|100%| E|CS|TAMS 0x0000000604800000| PB 0x0000000604800000| Complete 
|  19|0x0000000604c00000, 0x0000000605000000, 0x0000000605000000|100%| E|CS|TAMS 0x0000000604c00000| PB 0x0000000604c00000| Complete 
|  20|0x0000000605000000, 0x0000000605400000, 0x0000000605400000|100%| E|CS|TAMS 0x0000000605000000| PB 0x0000000605000000| Complete 
|  21|0x0000000605400000, 0x0000000605800000, 0x0000000605800000|100%| E|CS|TAMS 0x0000000605400000| PB 0x0000000605400000| Complete 
|  22|0x0000000605800000, 0x0000000605c00000, 0x0000000605c00000|100%| E|CS|TAMS 0x0000000605800000| PB 0x0000000605800000| Complete 
|  23|0x0000000605c00000, 0x0000000606000000, 0x0000000606000000|100%| E|CS|TAMS 0x0000000605c00000| PB 0x0000000605c00000| Complete 
|  24|0x0000000606000000, 0x00000006062348c0, 0x0000000606400000| 55%| S|CS|TAMS 0x0000000606000000| PB 0x0000000606000000| Complete 
|  30|0x0000000607800000, 0x0000000607c00000, 0x0000000607c00000|100%| E|CS|TAMS 0x0000000607800000| PB 0x0000000607800000| Complete 

Card table byte_map: [0x000001dcef560000,0x000001dcf0560000] _byte_map_base: 0x000001dcec560000

Marking Bits: (CMBitMap*) 0x000001dccb3a7190
 Bits: [0x000001dcf0560000, 0x000001dcf8560000)

Polling page: 0x000001dcc91a0000

Metaspace:

Usage:
  Non-class:     35.94 MB used.
      Class:      5.46 MB used.
       Both:     41.40 MB used.

Virtual space:
  Non-class space:       64.00 MB reserved,      36.38 MB ( 57%) committed,  1 nodes.
      Class space:        1.00 GB reserved,       5.88 MB ( <1%) committed,  1 nodes.
             Both:        1.06 GB reserved,      42.25 MB (  4%) committed. 

Chunk freelists:
   Non-Class:  11.62 MB
       Class:  9.98 MB
        Both:  21.61 MB

MaxMetaspaceSize: 4.00 GB
CompressedClassSpaceSize: 1.00 GB
Initial GC threshold: 21.00 MB
Current GC threshold: 59.19 MB
CDS: off
 - commit_granule_bytes: 65536.
 - commit_granule_words: 8192.
 - virtual_space_node_default_size: 8388608.
 - enlarge_chunks_in_place: 1.
 - use_allocation_guard: 0.


Internal statistics:

num_allocs_failed_limit: 9.
num_arena_births: 1474.
num_arena_deaths: 0.
num_vsnodes_births: 2.
num_vsnodes_deaths: 0.
num_space_committed: 676.
num_space_uncommitted: 0.
num_chunks_returned_to_freelist: 9.
num_chunks_taken_from_freelist: 2849.
num_chunk_merges: 9.
num_chunk_splits: 1836.
num_chunks_enlarged: 1158.
num_inconsistent_stats: 0.

CodeHeap 'non-profiled nmethods': size=259264Kb used=1868Kb max_used=1951Kb free=257395Kb
 bounds [0x000001dcde720000, 0x000001dcde990000, 0x000001dcee450000]
CodeHeap 'profiled nmethods': size=259264Kb used=7113Kb max_used=7113Kb free=252150Kb
 bounds [0x000001dcce450000, 0x000001dcceb50000, 0x000001dcde180000]
CodeHeap 'non-nmethods': size=5760Kb used=2085Kb max_used=2101Kb free=3674Kb
 bounds [0x000001dcde180000, 0x000001dcde3f0000, 0x000001dcde720000]
 total_blobs=4264 nmethods=3583 adapters=585
 compilation: enabled
              stopped_count=0, restarted_count=0
 full_count=0

Compilation events (20 events):
Event: 28.933 Thread 0x000001dcff08cc40 nmethod 3959 0x000001dcceb25710 code [0x000001dcceb258c0, 0x000001dcceb259f8]
Event: 28.933 Thread 0x000001dcff08cc40 3960   !   3       java.nio.file.FileTreeWalker::getAttributes (94 bytes)
Event: 28.934 Thread 0x000001dc819eadd0 nmethod 3948 0x000001dcde795690 code [0x000001dcde7958c0, 0x000001dcde7963d8]
Event: 28.934 Thread 0x000001dc819eadd0 3949       4       jdk.internal.util.ArraysSupport::vectorizedHashCode (158 bytes)
Event: 28.935 Thread 0x000001dcff08cc40 nmethod 3960 0x000001dcceb25a90 code [0x000001dcceb25d60, 0x000001dcceb26f30]
Event: 28.935 Thread 0x000001dcff08cc40 3962       3       jdk.nio.zipfs.ZipPath::getResolvedPath (42 bytes)
Event: 28.936 Thread 0x000001dcff08cc40 nmethod 3962 0x000001dcceb27490 code [0x000001dcceb27680, 0x000001dcceb27a40]
Event: 28.936 Thread 0x000001dcff08cc40 3963   !   3       jdk.nio.zipfs.ZipFileSystem::getFileAttributes (169 bytes)
Event: 28.939 Thread 0x000001dcff08cc40 nmethod 3963 0x000001dcceb27b90 code [0x000001dcceb27fc0, 0x000001dcceb29cc8]
Event: 28.939 Thread 0x000001dcff08cc40 3966       3       jdk.nio.zipfs.ZipFileSystem::getString (9 bytes)
Event: 28.940 Thread 0x000001dcff08cc40 nmethod 3966 0x000001dcceb2a990 code [0x000001dcceb2ab40, 0x000001dcceb2ad20]
Event: 28.940 Thread 0x000001dcff08cc40 3967       3       java.lang.String::join (52 bytes)
Event: 28.944 Thread 0x000001dcff08cc40 nmethod 3967 0x000001dcceb2ae10 code [0x000001dcceb2b1c0, 0x000001dcceb2cc98]
Event: 28.944 Thread 0x000001dcff08cc40 3964       3       org.codehaus.groovy.vmplugin.v9.ClassFinder$1::visitFile (10 bytes)
Event: 28.945 Thread 0x000001dcff08cc40 nmethod 3964 0x000001dcceb2d790 code [0x000001dcceb2d940, 0x000001dcceb2dba0]
Event: 28.945 Thread 0x000001dcff08cc40 3965       3       org.codehaus.groovy.vmplugin.v9.ClassFinder$1::visitFile (182 bytes)
Event: 28.948 Thread 0x000001dcff08cc40 nmethod 3965 0x000001dcceb2dc90 code [0x000001dcceb2e000, 0x000001dcceb2f3b8]
Event: 28.948 Thread 0x000001dcff08cc40 3970       3       jdk.nio.zipfs.ZipFileSystem$Entry::readCEN (248 bytes)
Event: 28.951 Thread 0x000001dc819eadd0 nmethod 3949 0x000001dcde82b290 code [0x000001dcde82b480, 0x000001dcde82b9d8]
Event: 28.952 Thread 0x000001dc819eadd0 3961       4       java.lang.String::subSequence (7 bytes)

GC Heap History (14 events):
Event: 0.799 GC heap before
{Heap before GC invocations=0 (full 0):
 garbage-first heap   total 126976K, used 4096K [0x0000000600000000, 0x0000000800000000)
  region size 4096K, 2 young (8192K), 0 survivors (0K)
 Metaspace       used 7456K, committed 7552K, reserved 1114112K
  class space    used 687K, committed 768K, reserved 1048576K
}
Event: 0.802 GC heap after
{Heap after GC invocations=1 (full 0):
 garbage-first heap   total 126976K, used 1158K [0x0000000600000000, 0x0000000800000000)
  region size 4096K, 1 young (4096K), 1 survivors (4096K)
 Metaspace       used 7456K, committed 7552K, reserved 1114112K
  class space    used 687K, committed 768K, reserved 1048576K
}
Event: 1.808 GC heap before
{Heap before GC invocations=1 (full 0):
 garbage-first heap   total 126976K, used 17542K [0x0000000600000000, 0x0000000800000000)
  region size 4096K, 5 young (20480K), 1 survivors (4096K)
 Metaspace       used 8123K, committed 8256K, reserved 1114112K
  class space    used 731K, committed 768K, reserved 1048576K
}
Event: 1.814 GC heap after
{Heap after GC invocations=2 (full 0):
 garbage-first heap   total 126976K, used 4144K [0x0000000600000000, 0x0000000800000000)
  region size 4096K, 1 young (4096K), 1 survivors (4096K)
 Metaspace       used 8123K, committed 8256K, reserved 1114112K
  class space    used 731K, committed 768K, reserved 1048576K
}
Event: 9.889 GC heap before
{Heap before GC invocations=2 (full 0):
 garbage-first heap   total 126976K, used 73776K [0x0000000600000000, 0x0000000800000000)
  region size 4096K, 18 young (73728K), 1 survivors (4096K)
 Metaspace       used 12397K, committed 12608K, reserved 1114112K
  class space    used 1320K, committed 1408K, reserved 1048576K
}
Event: 9.914 GC heap after
{Heap after GC invocations=3 (full 0):
 garbage-first heap   total 126976K, used 16832K [0x0000000600000000, 0x0000000800000000)
  region size 4096K, 3 young (12288K), 3 survivors (12288K)
 Metaspace       used 12397K, committed 12608K, reserved 1114112K
  class space    used 1320K, committed 1408K, reserved 1048576K
}
Event: 14.467 GC heap before
{Heap before GC invocations=3 (full 0):
 garbage-first heap   total 126976K, used 49600K [0x0000000600000000, 0x0000000800000000)
  region size 4096K, 12 young (49152K), 3 survivors (12288K)
 Metaspace       used 21212K, committed 21504K, reserved 1114112K
  class space    used 2497K, committed 2624K, reserved 1048576K
}
Event: 14.492 GC heap after
{Heap after GC invocations=4 (full 0):
 garbage-first heap   total 126976K, used 20932K [0x0000000600000000, 0x0000000800000000)
  region size 4096K, 2 young (8192K), 2 survivors (8192K)
 Metaspace       used 21212K, committed 21504K, reserved 1114112K
  class space    used 2497K, committed 2624K, reserved 1048576K
}
Event: 23.313 GC heap before
{Heap before GC invocations=5 (full 0):
 garbage-first heap   total 98304K, used 86468K [0x0000000600000000, 0x0000000800000000)
  region size 4096K, 18 young (73728K), 2 survivors (8192K)
 Metaspace       used 31356K, committed 32000K, reserved 1114112K
  class space    used 4130K, committed 4416K, reserved 1048576K
}
Event: 23.333 GC heap after
{Heap after GC invocations=6 (full 0):
 garbage-first heap   total 106496K, used 24929K [0x0000000600000000, 0x0000000800000000)
  region size 4096K, 3 young (12288K), 3 survivors (12288K)
 Metaspace       used 31356K, committed 32000K, reserved 1114112K
  class space    used 4130K, committed 4416K, reserved 1048576K
}
Event: 25.340 GC heap before
{Heap before GC invocations=6 (full 0):
 garbage-first heap   total 106496K, used 49505K [0x0000000600000000, 0x0000000800000000)
  region size 4096K, 10 young (40960K), 3 survivors (12288K)
 Metaspace       used 35187K, committed 35968K, reserved 1114112K
  class space    used 4743K, committed 5120K, reserved 1048576K
}
Event: 25.358 GC heap after
{Heap after GC invocations=7 (full 0):
 garbage-first heap   total 106496K, used 26640K [0x0000000600000000, 0x0000000800000000)
  region size 4096K, 2 young (8192K), 2 survivors (8192K)
 Metaspace       used 35187K, committed 35968K, reserved 1114112K
  class space    used 4743K, committed 5120K, reserved 1048576K
}
Event: 25.592 GC heap before
{Heap before GC invocations=7 (full 0):
 garbage-first heap   total 106496K, used 26640K [0x0000000600000000, 0x0000000800000000)
  region size 4096K, 3 young (12288K), 2 survivors (8192K)
 Metaspace       used 35503K, committed 36288K, reserved 1114112K
  class space    used 4797K, committed 5184K, reserved 1048576K
}
Event: 25.604 GC heap after
{Heap after GC invocations=8 (full 0):
 garbage-first heap   total 106496K, used 26992K [0x0000000600000000, 0x0000000800000000)
  region size 4096K, 1 young (4096K), 1 survivors (4096K)
 Metaspace       used 35503K, committed 36288K, reserved 1114112K
  class space    used 4797K, committed 5184K, reserved 1048576K
}

Dll operation events (3 events):
Event: 0.330 Loaded shared library E:\android\jbr\bin\java.dll
Event: 0.336 Loaded shared library E:\android\jbr\bin\zip.dll
Event: 2.003 Loaded shared library E:\android\jbr\bin\verify.dll

Deoptimization events (20 events):
Event: 27.509 Thread 0x000001dc810aeb70 DEOPT PACKING pc=0x000001dcde905ef8 sp=0x000000c48b5f89d0
Event: 27.509 Thread 0x000001dc810aeb70 DEOPT UNPACKING pc=0x000001dcde1d7da2 sp=0x000000c48b5f8968 mode 2
Event: 27.509 Thread 0x000001dc810aeb70 Uncommon trap: trap_request=0xffffffde fr.pc=0x000001dcde905ef8 relative=0x0000000000000218
Event: 27.509 Thread 0x000001dc810aeb70 Uncommon trap: reason=class_check action=maybe_recompile pc=0x000001dcde905ef8 method=java.util.regex.Pattern$BmpCharProperty.match(Ljava/util/regex/Matcher;ILjava/lang/CharSequence;)Z @ 19 c2
Event: 27.509 Thread 0x000001dc810aeb70 DEOPT PACKING pc=0x000001dcde905ef8 sp=0x000000c48b5f89d0
Event: 27.509 Thread 0x000001dc810aeb70 DEOPT UNPACKING pc=0x000001dcde1d7da2 sp=0x000000c48b5f8968 mode 2
Event: 27.509 Thread 0x000001dc810aeb70 Uncommon trap: trap_request=0xffffffde fr.pc=0x000001dcde905ef8 relative=0x0000000000000218
Event: 27.509 Thread 0x000001dc810aeb70 Uncommon trap: reason=class_check action=maybe_recompile pc=0x000001dcde905ef8 method=java.util.regex.Pattern$BmpCharProperty.match(Ljava/util/regex/Matcher;ILjava/lang/CharSequence;)Z @ 19 c2
Event: 27.509 Thread 0x000001dc810aeb70 DEOPT PACKING pc=0x000001dcde905ef8 sp=0x000000c48b5f89d0
Event: 27.509 Thread 0x000001dc810aeb70 DEOPT UNPACKING pc=0x000001dcde1d7da2 sp=0x000000c48b5f8968 mode 2
Event: 27.727 Thread 0x000001dc810aeb70 DEOPT PACKING pc=0x000001dcce904c49 sp=0x000000c48b5f8990
Event: 27.727 Thread 0x000001dc810aeb70 DEOPT UNPACKING pc=0x000001dcde1d88e2 sp=0x000000c48b5f7e90 mode 0
Event: 28.528 Thread 0x000001dc810aeb70 Uncommon trap: trap_request=0xffffff45 fr.pc=0x000001dcde873ecc relative=0x0000000000004d2c
Event: 28.528 Thread 0x000001dc810aeb70 Uncommon trap: reason=unstable_if action=reinterpret pc=0x000001dcde873ecc method=java.lang.ClassLoader.getClassLoadingLock(Ljava/lang/String;)Ljava/lang/Object; @ 6 c2
Event: 28.528 Thread 0x000001dc810aeb70 DEOPT PACKING pc=0x000001dcde873ecc sp=0x000000c48b5f8cf0
Event: 28.528 Thread 0x000001dc810aeb70 DEOPT UNPACKING pc=0x000001dcde1d7da2 sp=0x000000c48b5f8ce0 mode 2
Event: 28.602 Thread 0x000001dc810aeb70 Uncommon trap: trap_request=0xffffffc6 fr.pc=0x000001dcde8e6d44 relative=0x00000000000039a4
Event: 28.602 Thread 0x000001dc810aeb70 Uncommon trap: reason=bimorphic_or_optimized_type_check action=maybe_recompile pc=0x000001dcde8e6d44 method=java.net.URL.<init>(Ljava/net/URL;Ljava/lang/String;Ljava/net/URLStreamHandler;)V @ 504 c2
Event: 28.602 Thread 0x000001dc810aeb70 DEOPT PACKING pc=0x000001dcde8e6d44 sp=0x000000c48b5f8440
Event: 28.602 Thread 0x000001dc810aeb70 DEOPT UNPACKING pc=0x000001dcde1d7da2 sp=0x000000c48b5f83c0 mode 2

Classes loaded (20 events):
Event: 28.787 Loading class java/time/DateTimeException
Event: 28.787 Loading class java/time/DateTimeException done
Event: 28.788 Loading class java/time/chrono/IsoChronology
Event: 28.789 Loading class java/time/chrono/AbstractChronology
Event: 28.792 Loading class java/time/chrono/AbstractChronology done
Event: 28.792 Loading class java/time/chrono/IsoChronology done
Event: 28.794 Loading class java/nio/file/ClosedDirectoryStreamException
Event: 28.794 Loading class java/nio/file/ClosedDirectoryStreamException done
Event: 28.794 Loading class java/nio/file/DirectoryIteratorException
Event: 28.794 Loading class java/nio/file/DirectoryIteratorException done
Event: 28.795 Loading class java/nio/file/FileTreeWalker$DirectoryNode
Event: 28.795 Loading class java/nio/file/FileTreeWalker$DirectoryNode done
Event: 28.797 Loading class java/nio/file/FileTreeWalker$Event
Event: 28.797 Loading class java/nio/file/FileTreeWalker$Event done
Event: 28.797 Loading class java/nio/file/FileTreeWalker$EventType
Event: 28.797 Loading class java/nio/file/FileTreeWalker$EventType done
Event: 28.797 Loading class java/nio/file/Files$3
Event: 28.797 Loading class java/nio/file/Files$3 done
Event: 28.797 Loading class java/nio/file/FileVisitResult
Event: 28.798 Loading class java/nio/file/FileVisitResult done

Classes unloaded (0 events):
No events

Classes redefined (0 events):
No events

Internal exceptions (20 events):
Event: 24.779 Thread 0x000001dc810aeb70 Exception <a 'java/lang/NoSuchMethodError'{0x0000000604d36b78}: 'java.lang.Object java.lang.invoke.DirectMethodHandle$Holder.newInvokeSpecial(java.lang.Object, java.lang.Object, java.lang.Object, java.lang.Object, java.lang.Object, java.lang.Object, java.lang.Object, java.lang.Object, java.lang.Object)'> (0x0000000604d36b78) 
thrown [s\src\hotspot\share\interpreter\linkResolver.cpp, line 784]
Event: 25.167 Thread 0x000001dc810aeb70 Exception <a 'java/lang/NoSuchMethodError'{0x0000000604ad1df0}: 'void java.lang.invoke.DirectMethodHandle$Holder.invokeInterface(java.lang.Object, java.lang.Object, java.lang.Object, java.lang.Object, java.lang.Object)'> (0x0000000604ad1df0) 
thrown [s\src\hotspot\share\interpreter\linkResolver.cpp, line 784]
Event: 25.181 Thread 0x000001dc810aeb70 Exception <a 'java/lang/NoSuchMethodError'{0x0000000604b2c658}: 'void java.lang.invoke.DirectMethodHandle$Holder.invokeStatic(java.lang.Object, java.lang.Object, java.lang.Object, java.lang.Object, java.lang.Object, java.lang.Object)'> (0x0000000604b2c658) 
thrown [s\src\hotspot\share\interpreter\linkResolver.cpp, line 784]
Event: 25.953 Thread 0x000001dc810aeb70 Implicit null exception at 0x000001dcde83113d to 0x000001dcde83157c
Event: 26.073 Thread 0x000001dc810aeb70 Exception <a 'java/lang/NoSuchMethodError'{0x0000000605e48770}: 'java.lang.Object java.lang.invoke.DirectMethodHandle$Holder.newInvokeSpecial(java.lang.Object, java.lang.Object, int, int)'> (0x0000000605e48770) 
thrown [s\src\hotspot\share\interpreter\linkResolver.cpp, line 784]
Event: 26.100 Thread 0x000001dc810aeb70 Exception <a 'java/lang/NoSuchMethodError'{0x0000000605e820d8}: 'void java.lang.invoke.DirectMethodHandle$Holder.invokeSpecial(java.lang.Object, java.lang.Object, int)'> (0x0000000605e820d8) 
thrown [s\src\hotspot\share\interpreter\linkResolver.cpp, line 784]
Event: 26.100 Thread 0x000001dc810aeb70 Exception <a 'java/lang/NoSuchMethodError'{0x0000000605e863c8}: 'void java.lang.invoke.Invokers$Holder.invokeExact_MT(java.lang.Object, int, java.lang.Object)'> (0x0000000605e863c8) 
thrown [s\src\hotspot\share\interpreter\linkResolver.cpp, line 784]
Event: 26.953 Thread 0x000001dc810aeb70 Implicit null exception at 0x000001dcde84d346 to 0x000001dcde84d870
Event: 26.953 Thread 0x000001dc810aeb70 Implicit null exception at 0x000001dcde8eeea6 to 0x000001dcde8ef224
Event: 26.953 Thread 0x000001dc810aeb70 Implicit null exception at 0x000001dcde8f4d38 to 0x000001dcde8f560c
Event: 26.953 Thread 0x000001dc810aeb70 Exception <a 'java/lang/NoSuchMethodError'{0x0000000605b63600}: 'java.lang.reflect.Method[] java.lang.Class.getDeclaredMethods(java.lang.Class)'> (0x0000000605b63600) 
thrown [s\src\hotspot\share\interpreter\linkResolver.cpp, line 784]
Event: 27.126 Thread 0x000001dc810aeb70 Exception <a 'java/lang/NoSuchMethodError'{0x00000006054a4758}: 'void java.lang.invoke.DirectMethodHandle$Holder.invokeStaticInit(java.lang.Object, java.lang.Object, java.lang.Object, java.lang.Object)'> (0x00000006054a4758) 
thrown [s\src\hotspot\share\interpreter\linkResolver.cpp, line 784]
Event: 27.133 Thread 0x000001dc810aeb70 Exception <a 'java/lang/NoSuchMethodError'{0x00000006054c6290}: 'void java.lang.invoke.DirectMethodHandle$Holder.invokeStaticInit(java.lang.Object, java.lang.Object, java.lang.Object, java.lang.Object, java.lang.Object)'> (0x00000006054c6290) 
thrown [s\src\hotspot\share\interpreter\linkResolver.cpp, line 784]
Event: 28.173 Thread 0x000001dc810aeb70 Exception <a 'java/lang/ClassNotFoundException'{0x0000000604e00b48}: groovy/lang/ExpandoMetaClassBeanInfo> (0x0000000604e00b48) 
thrown [s\src\hotspot\share\classfile\systemDictionary.cpp, line 312]
Event: 28.174 Thread 0x000001dc810aeb70 Exception <a 'java/lang/ClassNotFoundException'{0x0000000604e091c0}: groovy/lang/MetaClassImplBeanInfo> (0x0000000604e091c0) 
thrown [s\src\hotspot\share\classfile\systemDictionary.cpp, line 312]
Event: 28.176 Thread 0x000001dc810aeb70 Exception <a 'java/lang/ClassNotFoundException'{0x0000000604e0dce8}: java/lang/ObjectBeanInfo> (0x0000000604e0dce8) 
thrown [s\src\hotspot\share\classfile\systemDictionary.cpp, line 312]
Event: 28.183 Thread 0x000001dc810aeb70 Exception <a 'java/lang/ClassNotFoundException'{0x0000000604e13860}: java/lang/ObjectCustomizer> (0x0000000604e13860) 
thrown [s\src\hotspot\share\classfile\systemDictionary.cpp, line 312]
Event: 28.254 Thread 0x000001dc810aeb70 Exception <a 'java/lang/IncompatibleClassChangeError'{0x0000000604e21ed0}: Found class java.lang.Object, but interface was expected> (0x0000000604e21ed0) 
thrown [s\src\hotspot\share\interpreter\linkResolver.cpp, line 851]
Event: 28.287 Thread 0x000001dc810aeb70 Exception <a 'java/lang/ClassNotFoundException'{0x0000000604e3c0f8}: groovy/lang/MetaClassImplCustomizer> (0x0000000604e3c0f8) 
thrown [s\src\hotspot\share\classfile\systemDictionary.cpp, line 312]
Event: 28.316 Thread 0x000001dc810aeb70 Exception <a 'java/lang/ClassNotFoundException'{0x0000000604e643e8}: groovy/lang/ExpandoMetaClassCustomizer> (0x0000000604e643e8) 
thrown [s\src\hotspot\share\classfile\systemDictionary.cpp, line 312]

ZGC Phase Switch (0 events):
No events

VM Operations (20 events):
Event: 25.640 Executing VM operation: G1PauseRemark
Event: 25.646 Executing VM operation: G1PauseRemark done
Event: 25.656 Executing VM operation: G1PauseCleanup
Event: 25.661 Executing VM operation: G1PauseCleanup done
Event: 25.957 Executing VM operation: HandshakeAllThreads (Deoptimize)
Event: 25.957 Executing VM operation: HandshakeAllThreads (Deoptimize) done
Event: 26.869 Executing VM operation: HandshakeAllThreads (Deoptimize)
Event: 26.869 Executing VM operation: HandshakeAllThreads (Deoptimize) done
Event: 26.869 Executing VM operation: Cleanup
Event: 26.869 Executing VM operation: Cleanup done
Event: 27.621 Executing VM operation: HandshakeAllThreads (Deoptimize)
Event: 27.621 Executing VM operation: HandshakeAllThreads (Deoptimize) done
Event: 28.605 Executing VM operation: HandshakeAllThreads (Deoptimize)
Event: 28.605 Executing VM operation: HandshakeAllThreads (Deoptimize) done
Event: 28.605 Executing VM operation: Cleanup
Event: 28.605 Executing VM operation: Cleanup done
Event: 28.606 Executing VM operation: HandshakeAllThreads (Deoptimize)
Event: 28.606 Executing VM operation: HandshakeAllThreads (Deoptimize) done
Event: 28.626 Executing VM operation: HandshakeAllThreads (Deoptimize)
Event: 28.626 Executing VM operation: HandshakeAllThreads (Deoptimize) done

Memory protections (0 events):
No events

Nmethod flushes (20 events):
Event: 25.644 Thread 0x000001dcfa948c20 flushing  nmethod 0x000001dcce59b810
Event: 25.644 Thread 0x000001dcfa948c20 flushing  nmethod 0x000001dcce59ff90
Event: 25.644 Thread 0x000001dcfa948c20 flushing  nmethod 0x000001dcce5a1590
Event: 25.644 Thread 0x000001dcfa948c20 flushing  nmethod 0x000001dcce5a2d10
Event: 25.644 Thread 0x000001dcfa948c20 flushing  nmethod 0x000001dcce5a5d90
Event: 25.644 Thread 0x000001dcfa948c20 flushing  nmethod 0x000001dcce5f4610
Event: 25.644 Thread 0x000001dcfa948c20 flushing  nmethod 0x000001dcce5f5210
Event: 25.644 Thread 0x000001dcfa948c20 flushing  nmethod 0x000001dcce624510
Event: 25.644 Thread 0x000001dcfa948c20 flushing  nmethod 0x000001dcce628990
Event: 25.644 Thread 0x000001dcfa948c20 flushing  nmethod 0x000001dcce651e90
Event: 25.644 Thread 0x000001dcfa948c20 flushing  nmethod 0x000001dcce65ba10
Event: 25.644 Thread 0x000001dcfa948c20 flushing  nmethod 0x000001dcce65e210
Event: 25.644 Thread 0x000001dcfa948c20 flushing  nmethod 0x000001dcce663f10
Event: 25.644 Thread 0x000001dcfa948c20 flushing  nmethod 0x000001dcce701210
Event: 25.644 Thread 0x000001dcfa948c20 flushing  nmethod 0x000001dcce753b10
Event: 25.644 Thread 0x000001dcfa948c20 flushing  nmethod 0x000001dcce79dd90
Event: 25.644 Thread 0x000001dcfa948c20 flushing  nmethod 0x000001dcce79e390
Event: 25.644 Thread 0x000001dcfa948c20 flushing  nmethod 0x000001dcce7a7410
Event: 25.644 Thread 0x000001dcfa948c20 flushing  nmethod 0x000001dcce837f10
Event: 25.644 Thread 0x000001dcfa948c20 flushing  nmethod 0x000001dcce838c10

Events (20 events):
Event: 14.013 Thread 0x000001dc810aeb70 Thread added: 0x000001dc81093f00
Event: 14.034 Thread 0x000001dc810aeb70 Thread added: 0x000001dc810952b0
Event: 14.039 Thread 0x000001dc810aeb70 Thread added: 0x000001dc81095fd0
Event: 17.336 Thread 0x000001dc810aeb70 Thread added: 0x000001dc810931e0
Event: 17.386 Thread 0x000001dc810aeb70 Thread added: 0x000001dc81093870
Event: 17.644 Thread 0x000001dc810aeb70 Thread added: 0x000001dc81092b50
Event: 17.686 Thread 0x000001dcff08cc40 Thread added: 0x000001dc8186ca40
Event: 18.029 Thread 0x000001dc8186ca40 Thread exited: 0x000001dc8186ca40
Event: 18.066 Thread 0x000001dc81093870 Thread added: 0x000001dc81094590
Event: 23.509 Thread 0x000001dcff08cc40 Thread added: 0x000001dc82a683a0
Event: 23.886 Thread 0x000001dc810aeb70 Thread added: 0x000001dc82bc7db0
Event: 23.991 Thread 0x000001dc810aeb70 Thread added: 0x000001dc82bc8440
Event: 24.275 Thread 0x000001dc82a683a0 Thread exited: 0x000001dc82a683a0
Event: 25.000 Thread 0x000001dc810aeb70 Thread added: 0x000001dc82bc7090
Event: 25.021 Thread 0x000001dc810aeb70 Thread added: 0x000001dc82bc97f0
Event: 26.800 Thread 0x000001dcff087750 Thread added: 0x000001dc81111cb0
Event: 26.976 Thread 0x000001dc81111cb0 Thread exited: 0x000001dc81111cb0
Event: 27.181 Thread 0x000001dcff08cc40 Thread added: 0x000001dc81111cb0
Event: 27.417 Thread 0x000001dc81111cb0 Thread exited: 0x000001dc81111cb0
Event: 28.869 Thread 0x000001dcff08cc40 Thread added: 0x000001dc819eadd0


Dynamic libraries:
0x00007ff67a480000 - 0x00007ff67a48a000 	E:\android\jbr\bin\java.exe
0x00007ffcadda0000 - 0x00007ffcae008000 	C:\WINDOWS\SYSTEM32\ntdll.dll
0x00007ffcacbf0000 - 0x00007ffcaccb9000 	C:\WINDOWS\System32\KERNEL32.DLL
0x00007ffcaaaf0000 - 0x00007ffcaaee1000 	C:\WINDOWS\System32\KERNELBASE.dll
0x00007ffcaa970000 - 0x00007ffcaaabb000 	C:\WINDOWS\System32\ucrtbase.dll
0x00007ffc101f0000 - 0x00007ffc10208000 	E:\android\jbr\bin\jli.dll
0x00007ffc59b80000 - 0x00007ffc59b9b000 	E:\android\jbr\bin\VCRUNTIME140.dll
0x00007ffcac850000 - 0x00007ffcaca16000 	C:\WINDOWS\System32\USER32.dll
0x00007ffcaaac0000 - 0x00007ffcaaae7000 	C:\WINDOWS\System32\win32u.dll
0x00007ffcacab0000 - 0x00007ffcacadb000 	C:\WINDOWS\System32\GDI32.dll
0x00007ffcaafa0000 - 0x00007ffcab0cb000 	C:\WINDOWS\System32\gdi32full.dll
0x00007ffcaaef0000 - 0x00007ffcaaf93000 	C:\WINDOWS\System32\msvcp_win.dll
0x00007ffc91270000 - 0x00007ffc91503000 	C:\WINDOWS\WinSxS\amd64_microsoft.windows.common-controls_6595b64144ccf1df_6.0.26100.7705_none_3e06597ae3363b04\COMCTL32.dll
0x00007ffcac0a0000 - 0x00007ffcac149000 	C:\WINDOWS\System32\msvcrt.dll
0x00007ffcad280000 - 0x00007ffcad2b1000 	C:\WINDOWS\System32\IMM32.DLL
0x00007ffc101e0000 - 0x00007ffc101ec000 	E:\android\jbr\bin\vcruntime140_1.dll
0x00007ffc10150000 - 0x00007ffc101dd000 	E:\android\jbr\bin\msvcp140.dll
0x00007ffbe0940000 - 0x00007ffbe15ce000 	E:\android\jbr\bin\server\jvm.dll
0x00007ffcac4e0000 - 0x00007ffcac594000 	C:\WINDOWS\System32\ADVAPI32.dll
0x00007ffcac780000 - 0x00007ffcac826000 	C:\WINDOWS\System32\sechost.dll
0x00007ffcabf50000 - 0x00007ffcac068000 	C:\WINDOWS\System32\RPCRT4.dll
0x00007ffcad2c0000 - 0x00007ffcad334000 	C:\WINDOWS\System32\WS2_32.dll
0x00007ffcaa500000 - 0x00007ffcaa55e000 	C:\WINDOWS\SYSTEM32\POWRPROF.dll
0x00007ffca3650000 - 0x00007ffca3685000 	C:\WINDOWS\SYSTEM32\WINMM.dll
0x00007ffc9b810000 - 0x00007ffc9b81b000 	C:\WINDOWS\SYSTEM32\VERSION.dll
0x00007ffcaa4e0000 - 0x00007ffcaa4f4000 	C:\WINDOWS\SYSTEM32\UMPDC.dll
0x00007ffca9410000 - 0x00007ffca942b000 	C:\WINDOWS\SYSTEM32\kernel.appcore.dll
0x00007ffc10140000 - 0x00007ffc1014a000 	E:\android\jbr\bin\jimage.dll
0x00007ffca86e0000 - 0x00007ffca8922000 	C:\WINDOWS\SYSTEM32\DBGHELP.DLL
0x00007ffcac150000 - 0x00007ffcac4d6000 	C:\WINDOWS\System32\combase.dll
0x00007ffcabcf0000 - 0x00007ffcabdc7000 	C:\WINDOWS\System32\OLEAUT32.dll
0x00007ffc8b5f0000 - 0x00007ffc8b62b000 	C:\WINDOWS\SYSTEM32\dbgcore.DLL
0x00007ffcaa680000 - 0x00007ffcaa725000 	C:\WINDOWS\System32\bcryptPrimitives.dll
0x00007ffc7d110000 - 0x00007ffc7d11e000 	E:\android\jbr\bin\instrument.dll
0x00007ffc09c20000 - 0x00007ffc09c40000 	E:\android\jbr\bin\java.dll
0x00007ffc09c00000 - 0x00007ffc09c18000 	E:\android\jbr\bin\zip.dll
0x00007ffcad4e0000 - 0x00007ffcadc31000 	C:\WINDOWS\System32\SHELL32.dll
0x00007ffcab9d0000 - 0x00007ffcabb3a000 	C:\WINDOWS\System32\wintypes.dll
0x00007ffcab0d0000 - 0x00007ffcab932000 	C:\WINDOWS\System32\windows.storage.dll
0x00007ffcacae0000 - 0x00007ffcacbd6000 	C:\WINDOWS\System32\SHCORE.dll
0x00007ffcaccc0000 - 0x00007ffcacd27000 	C:\WINDOWS\System32\shlwapi.dll
0x00007ffcaa5a0000 - 0x00007ffcaa5c9000 	C:\WINDOWS\SYSTEM32\profapi.dll
0x00007ffc09bf0000 - 0x00007ffc09c00000 	E:\android\jbr\bin\net.dll
0x00007ffc9da10000 - 0x00007ffc9db37000 	C:\WINDOWS\SYSTEM32\WINHTTP.dll
0x00007ffca99a0000 - 0x00007ffca9a0b000 	C:\WINDOWS\system32\mswsock.dll
0x00007ffc09bd0000 - 0x00007ffc09be6000 	E:\android\jbr\bin\nio.dll
0x00007ffc09bc0000 - 0x00007ffc09bd0000 	E:\android\jbr\bin\verify.dll
0x00007ffc94ec0000 - 0x00007ffc94ee7000 	G:\.gradle\native\1def1411415f61bf3af743bc5b6707747c0891f09f0c88961ee8f79bc544acac\windows-amd64\native-platform.dll
0x00007ffc94dc0000 - 0x00007ffc94e38000 	G:\.gradle\native\0.2.7\x86_64-windows-gnu\gradle-fileevents.dll
0x00007ffc9be10000 - 0x00007ffc9be19000 	E:\android\jbr\bin\management.dll
0x00007ffc7d130000 - 0x00007ffc7d13b000 	E:\android\jbr\bin\management_ext.dll
0x00007ffcadd50000 - 0x00007ffcadd58000 	C:\WINDOWS\System32\PSAPI.DLL
0x00007ffca8d90000 - 0x00007ffca8dc4000 	C:\WINDOWS\SYSTEM32\IPHLPAPI.DLL
0x00007ffcabf40000 - 0x00007ffcabf4a000 	C:\WINDOWS\System32\NSI.dll
0x00007ffc7d120000 - 0x00007ffc7d129000 	E:\android\jbr\bin\extnet.dll
0x00007ffca9c60000 - 0x00007ffca9c7b000 	C:\WINDOWS\SYSTEM32\CRYPTSP.dll
0x00007ffca9370000 - 0x00007ffca93a9000 	C:\WINDOWS\system32\rsaenh.dll
0x00007ffca9a50000 - 0x00007ffca9a7b000 	C:\WINDOWS\SYSTEM32\USERENV.dll
0x00007ffcaa570000 - 0x00007ffcaa59a000 	C:\WINDOWS\SYSTEM32\bcrypt.dll
0x00007ffca9c80000 - 0x00007ffca9c8c000 	C:\WINDOWS\SYSTEM32\CRYPTBASE.dll
0x00007ffc59b50000 - 0x00007ffc59b58000 	C:\WINDOWS\system32\wshunix.dll

dbghelp: loaded successfully - version: 4.0.5 - missing functions: none
symbol engine: initialized successfully - sym options: 0x614 - pdb path: .;E:\android\jbr\bin;C:\WINDOWS\SYSTEM32;C:\WINDOWS\WinSxS\amd64_microsoft.windows.common-controls_6595b64144ccf1df_6.0.26100.7705_none_3e06597ae3363b04;E:\android\jbr\bin\server;G:\.gradle\native\1def1411415f61bf3af743bc5b6707747c0891f09f0c88961ee8f79bc544acac\windows-amd64;G:\.gradle\native\0.2.7\x86_64-windows-gnu

VM Arguments:
jvm_args: --add-opens=java.base/java.lang=ALL-UNNAMED --add-opens=java.base/java.lang.invoke=ALL-UNNAMED --add-opens=java.base/java.util=ALL-UNNAMED --add-opens=java.prefs/java.util.prefs=ALL-UNNAMED --add-exports=jdk.compiler/com.sun.tools.javac.api=ALL-UNNAMED --add-exports=jdk.compiler/com.sun.tools.javac.util=ALL-UNNAMED --add-opens=java.base/java.util=ALL-UNNAMED --add-opens=java.prefs/java.util.prefs=ALL-UNNAMED --add-opens=java.base/java.nio.charset=ALL-UNNAMED --add-opens=java.base/java.net=ALL-UNNAMED --add-opens=java.base/java.util.concurrent.atomic=ALL-UNNAMED --add-opens=java.xml/javax.xml.namespace=ALL-UNNAMED -XX:MaxMetaspaceSize=4G -XX:ReservedCodeCacheSize=512m -XX:+HeapDumpOnOutOfMemoryError -Xmx8G -Dfile.encoding=UTF-8 -Duser.country=IN -Duser.language=en -Duser.variant -javaagent:G:\.gradle\wrapper\dists\gradle-8.13-all\54h0s9kvb6g2sinako7ub77ku\gradle-8.13\lib\agents\gradle-instrumentation-agent-8.13.jar 
java_command: org.gradle.launcher.daemon.bootstrap.GradleDaemon 8.13
java_class_path (initial): G:\.gradle\wrapper\dists\gradle-8.13-all\54h0s9kvb6g2sinako7ub77ku\gradle-8.13\lib\gradle-daemon-main-8.13.jar
Launcher Type: SUN_STANDARD

[Global flags]
     intx CICompilerCount                          = 3                                         {product} {ergonomic}
     uint ConcGCThreads                            = 1                                         {product} {ergonomic}
     uint G1ConcRefinementThreads                  = 4                                         {product} {ergonomic}
   size_t G1HeapRegionSize                         = 4194304                                   {product} {ergonomic}
    uintx GCDrainStackTargetSize                   = 64                                        {product} {ergonomic}
     bool HeapDumpOnOutOfMemoryError               = true                                   {manageable} {command line}
   size_t InitialHeapSize                          = 130023424                                 {product} {ergonomic}
   size_t MarkStackSize                            = 4194304                                   {product} {ergonomic}
   size_t MaxHeapSize                              = 8589934592                                {product} {command line}
   size_t MaxMetaspaceSize                         = 4294967296                                {product} {command line}
   size_t MaxNewSize                               = 5150605312                                {product} {ergonomic}
   size_t MinHeapDeltaBytes                        = 4194304                                   {product} {ergonomic}
   size_t MinHeapSize                              = 8388608                                   {product} {ergonomic}
    uintx NonNMethodCodeHeapSize                   = 5832780                                {pd product} {ergonomic}
    uintx NonProfiledCodeHeapSize                  = 265519066                              {pd product} {ergonomic}
    uintx ProfiledCodeHeapSize                     = 265519066                              {pd product} {ergonomic}
    uintx ReservedCodeCacheSize                    = 536870912                              {pd product} {command line}
     bool SegmentedCodeCache                       = true                                      {product} {ergonomic}
   size_t SoftMaxHeapSize                          = 8589934592                             {manageable} {ergonomic}
     bool UseCompressedOops                        = true                           {product lp64_product} {ergonomic}
     bool UseG1GC                                  = true                                      {product} {ergonomic}
     bool UseLargePagesIndividualAllocation        = false                                  {pd product} {ergonomic}

Logging:
Log output configuration:
 #0: stdout all=warning uptime,level,tags foldmultilines=false
 #1: stderr all=off uptime,level,tags foldmultilines=false

Environment Variables:
JAVA_HOME=E:\android\jbr
CLASSPATH=G:\smart-grid-functions\lineman_app\android\\gradle\wrapper\gradle-wrapper.jar
PATH=E:\android\jbr\bin;E:\bin;C:\Program Files\Eclipse Adoptium\jdk-17.0.17.10-hotspot\bin;F:\hadoop-2.9.2\bin;F:\hadoop-2.9.2\sbin;C:\Python310\Scripts\;C:\Python310\;C:\WINDOWS\system32;C:\WINDOWS;C:\WINDOWS\System32\Wbem;C:\WINDOWS\System32\WindowsPowerShell\v1.0\;C:\WINDOWS\System32\OpenSSH\;C:\Program Files\dotnet\;C:\Program Files (x86)\scala\bin;C:\Program Files\nodejs\;E:\Git\cmd;F:\spark\bin;G:\hadoop\bin;E:\flutter\bin;E:\supabase\supabase_windows_amd64;C:\Python310;C:\Python310\Scripts;C:\Users\Gayathri\AppData\Local\Programs\Python\Python39;C:\Users\Gayathri\AppData\Local\Programs\Python\Python39\Scripts;C:\Users\Gayathri\AppData\Local\Microsoft\WindowsApps;C:\Users\Gayathri\AppData\Local\Programs\Microsoft VS Code\bin;C:\Users\Gayathri\AppData\Local\Programs\cursor\resources\app\bin;C:\Users\Gayathri\AppData\Local\Coursier\data\bin;C:\Users\Gayathri\AppData\Roaming\npm;E:\flutter\bin;;E:\flutter\bin\mingit\cmd
USERNAME=Gayathri
OS=Windows_NT
PROCESSOR_IDENTIFIER=Intel64 Family 6 Model 140 Stepping 1, GenuineIntel
TMP=G:\temp
TEMP=G:\temp




Periodic native trim disabled

JNI global refs:
JNI global refs: 23, weak refs: 0

JNI global refs memory usage: 835, weak refs: 833

Process memory usage:
Resident Set Size: 237884K (2% of 8117024K total physical memory with 557040K free physical memory)

OOME stack traces (most recent first):
Classloader memory used:
Loader bootstrap                                                                       : 20023K
Loader org.gradle.internal.classloader.VisitableURLClassLoader                         : 19125K
Loader org.gradle.initialization.MixInLegacyTypesClassLoader                           : 2483K
Loader jdk.internal.loader.ClassLoaders$PlatformClassLoader                            : 532K
Loader jdk.internal.loader.ClassLoaders$AppClassLoader                                 : 235K

Classes loaded by more than one classloader:
Class org.gradle.internal.classloader.FilteringClassLoader                            : loaded 2 times (x 103B)
Class org.gradle.internal.classloader.ClassLoaderHierarchy                            : loaded 2 times (x 68B)
Class org.gradle.api.internal.classpath.ManifestUtil                                  : loaded 2 times (x 69B)
Class org.gradle.internal.classloader.DefaultClassLoaderFactory                       : loaded 2 times (x 80B)
Class org.gradle.internal.classloader.ClassLoaderVisitor                              : loaded 2 times (x 74B)
Class org.gradle.api.internal.classpath.EffectiveClassPath                            : loaded 2 times (x 88B)
Class org.gradle.api.internal.DefaultClassPathProvider                                : loaded 2 times (x 74B)
Class [Lorg.gradle.api.internal.ClassPathProvider;                                    : loaded 2 times (x 67B)
Class org.gradle.api.internal.ClassPathProvider                                       : loaded 2 times (x 68B)
Class org.gradle.internal.service.UnknownServiceException                             : loaded 2 times (x 81B)
Class org.gradle.internal.classpath.TransformedClassPath                              : loaded 2 times (x 94B)
Class org.gradle.internal.classloader.InstrumentingClassLoader                        : loaded 2 times (x 68B)
Class org.gradle.internal.service.ServiceLocator                                      : loaded 2 times (x 68B)
Class org.gradle.internal.InternalTransformer                                         : loaded 2 times (x 68B)
Class org.gradle.internal.classloader.ClasspathUtil$1                                 : loaded 2 times (x 74B)
Class org.gradle.api.internal.classpath.DefaultModuleRegistry$DefaultModule           : loaded 2 times (x 84B)
Class org.gradle.api.internal.classpath.Module                                        : loaded 2 times (x 68B)
Class org.gradle.api.internal.classpath.UnknownModuleException                        : loaded 2 times (x 80B)
Class org.gradle.api.internal.DefaultClassPathRegistry                                : loaded 2 times (x 74B)
Class org.gradle.api.internal.ClassPathRegistry                                       : loaded 2 times (x 68B)
Class org.gradle.internal.classpath.DefaultClassPath$ImmutableUniqueList              : loaded 2 times (x 197B)
Class org.gradle.internal.classpath.ClassPath                                         : loaded 2 times (x 68B)
Class org.gradle.api.UncheckedIOException                                             : loaded 2 times (x 80B)
Class org.gradle.internal.installation.GradleInstallation$1                           : loaded 2 times (x 73B)
Class org.gradle.api.internal.classpath.ModuleRegistry                                : loaded 2 times (x 68B)
Class org.gradle.api.internal.classpath.DefaultModuleRegistry                         : loaded 2 times (x 84B)
Class org.gradle.internal.service.ServiceLookupException                              : loaded 2 times (x 80B)
Class org.gradle.internal.classloader.ClassLoaderFactory                              : loaded 2 times (x 68B)
Class org.gradle.internal.service.CachingServiceLocator                               : loaded 2 times (x 80B)
Class org.gradle.internal.classloader.ClasspathUtil                                   : loaded 2 times (x 69B)
Class org.gradle.api.specs.Spec                                                       : loaded 2 times (x 68B)
Class org.gradle.internal.classloader.VisitableURLClassLoader$InstrumentingVisitableURLClassLoader: loaded 2 times (x 121B)
Class org.gradle.internal.classloader.VisitableURLClassLoader$Spec                    : loaded 2 times (x 72B)
Class org.gradle.internal.classpath.DefaultClassPath                                  : loaded 2 times (x 88B)
Class org.gradle.internal.classloader.ClassLoaderSpec                                 : loaded 2 times (x 69B)
Class org.gradle.internal.classloader.VisitableURLClassLoader                         : loaded 2 times (x 115B)
Class org.gradle.internal.Cast                                                        : loaded 2 times (x 69B)
Class org.gradle.api.Action                                                           : loaded 2 times (x 68B)
Class org.gradle.internal.classpath.DefaultClassPath$ImmutableUniqueList$Builder      : loaded 2 times (x 73B)
Class org.gradle.api.GradleException                                                  : loaded 2 times (x 80B)
Class org.gradle.internal.IoActions                                                   : loaded 2 times (x 69B)
Class org.gradle.internal.classloader.SystemClassLoaderSpec                           : loaded 2 times (x 69B)
Class org.gradle.api.internal.classpath.GlobalCacheRootsProvider                      : loaded 2 times (x 68B)
Class org.gradle.internal.installation.CurrentGradleInstallationLocator               : loaded 2 times (x 69B)
Class org.gradle.internal.service.DefaultServiceLocator                               : loaded 2 times (x 81B)
Class org.gradle.internal.installation.CurrentGradleInstallation                      : loaded 2 times (x 71B)
Class org.gradle.util.internal.GUtil                                                  : loaded 2 times (x 69B)
Class org.gradle.internal.installation.GradleInstallation                             : loaded 2 times (x 73B)

---------------  S Y S T E M  ---------------

OS:
 Windows 11 , 64 bit Build 26100 (10.0.26100.7705)
OS uptime: 0 days 0:36 hours
Hyper-V role detected

CPU: total 4 (initial active 4) (2 cores per cpu, 2 threads per core) family 6 model 140 stepping 1 microcode 0xbc, cx8, cmov, fxsr, ht, mmx, 3dnowpref, sse, sse2, sse3, ssse3, sse4.1, sse4.2, popcnt, lzcnt, tsc, tscinvbit, avx, avx2, aes, erms, clmul, bmi1, bmi2, adx, avx512f, avx512dq, avx512cd, avx512bw, avx512vl, sha, fma, vzeroupper, avx512_vpopcntdq, avx512_vpclmulqdq, avx512_vaes, avx512_vnni, clflush, clflushopt, clwb, avx512_vbmi2, avx512_vbmi, hv, rdtscp, rdpid, fsrm, gfni, avx512_bitalg, f16c, cet_ibt, cet_ss, avx512_ifma
Processor Information for processor 0
  Max Mhz: 2995, Current Mhz: 1198, Mhz Limit: 2995
Processor Information for processor 1
  Max Mhz: 2995, Current Mhz: 1198, Mhz Limit: 2995
Processor Information for processor 2
  Max Mhz: 2995, Current Mhz: 2995, Mhz Limit: 2995
Processor Information for processor 3
  Max Mhz: 2995, Current Mhz: 1198, Mhz Limit: 2995

Memory: 4k page, system-wide physical 7926M (543M free)
TotalPageFile size 16913M (AvailPageFile size 1M)
current process WorkingSet (physical memory assigned to process): 232M, peak: 232M
current process commit charge ("private bytes"): 262M, peak: 263M

vm_info: OpenJDK 64-Bit Server VM (21.0.7+-13880790-b1038.58) for windows-amd64 JRE (21.0.7+-13880790-b1038.58), built on 2025-08-04T20:56:21Z by "builder" with MS VC++ 16.10 / 16.11 (VS2019)

END.
